<?xml version="1.0" encoding="UTF-8"?>
<!-- Generated by org.testng.reporters.JUnitXMLReporter -->
<testsuite ignored="0" hostname="VinothKumarG" failures="1" tests="1" name="Test" time="28.022" errors="0" timestamp="2023-11-25T20:21:17 IST">
  <testcase classname="org.OrangeHRM.TestCase.Verify_Admin_Module" name="Verify_admin_able_to_create_new_user" time="27.587">
    <failure type="java.lang.AssertionError" message="expected [1] but found [50]">
      <![CDATA[java.lang.AssertionError: expected [1] but found [50]
at org.OrangeHRM.TestCase.Verify_Admin_Module.Verify_admin_able_to_create_new_user(Verify_Admin_Module.java:24)
at java.base/java.util.ArrayList.forEach(ArrayList.java:1511)
... Removed 34 stack frames]]>
    </failure>
  </testcase> <!-- Verify_admin_able_to_create_new_user -->
</testsuite> <!-- Test -->
